  tutorial.cpp
  title.cpp
  sound.cpp
  score.cpp
  scene2D.cpp
  scene.cpp
  result.cpp
  renderer.cpp
  polygon.cpp
  player.cpp
  pause.cpp
  number.cpp
  normal_bullet.cpp
  manager.cpp
  main.cpp
  lifegauge.cpp
  life.cpp
  item.cpp
  input.cpp
  game_screen.cpp
  コードを生成中...
  コンパイル中...
  game.cpp
  fade.cpp
  explosion.cpp
  enemy.cpp
  dinput_keyboard.cpp
  bullet.cpp
  bg.cpp
  コードを生成中...
  shooting game.vcxproj -> c:\users\student\documents\visual studio 2015\Projects\shooting game\Debug\shooting game.exe
  shooting game.vcxproj -> c:\users\student\documents\visual studio 2015\Projects\shooting game\Debug\shooting game.pdb (Full PDB)
