c:\users\student\documents\visual studio 2015\projects\shooting game\release\vc140.pdb
c:\users\student\documents\visual studio 2015\projects\shooting game\release\renderer.obj
c:\users\student\documents\visual studio 2015\projects\shooting game\release\polygon.obj
c:\users\student\documents\visual studio 2015\projects\shooting game\release\player.obj
c:\users\student\documents\visual studio 2015\projects\shooting game\release\number.obj
c:\users\student\documents\visual studio 2015\projects\shooting game\release\normal_bullet.obj
c:\users\student\documents\visual studio 2015\projects\shooting game\release\manager.obj
c:\users\student\documents\visual studio 2015\projects\shooting game\release\main.obj
c:\users\student\documents\visual studio 2015\projects\shooting game\release\lifegauge.obj
c:\users\student\documents\visual studio 2015\projects\shooting game\release\life.obj
c:\users\student\documents\visual studio 2015\projects\shooting game\release\item.obj
c:\users\student\documents\visual studio 2015\projects\shooting game\release\input.obj
c:\users\student\documents\visual studio 2015\projects\shooting game\release\game_screen.obj
c:\users\student\documents\visual studio 2015\projects\shooting game\release\game.obj
c:\users\student\documents\visual studio 2015\projects\shooting game\release\fade.obj
c:\users\student\documents\visual studio 2015\projects\shooting game\release\explosion.obj
c:\users\student\documents\visual studio 2015\projects\shooting game\release\enemy.obj
c:\users\student\documents\visual studio 2015\projects\shooting game\release\dinput_keyboard.obj
c:\users\student\documents\visual studio 2015\projects\shooting game\release\choice.obj
c:\users\student\documents\visual studio 2015\projects\shooting game\release\bullet.obj
c:\users\student\documents\visual studio 2015\projects\shooting game\release\bg.obj
c:\users\student\documents\visual studio 2015\projects\shooting game\release\title.obj
c:\users\student\documents\visual studio 2015\projects\shooting game\release\sound.obj
c:\users\student\documents\visual studio 2015\projects\shooting game\release\score.obj
c:\users\student\documents\visual studio 2015\projects\shooting game\release\scene2d.obj
c:\users\student\documents\visual studio 2015\projects\shooting game\release\scene.obj
c:\users\student\documents\visual studio 2015\projects\shooting game\release\rotate_bullet.obj
c:\users\student\documents\visual studio 2015\projects\shooting game\release\result.obj
c:\users\student\documents\visual studio 2015\projects\shooting game\release\shooting game.exe
c:\users\student\documents\visual studio 2015\projects\shooting game\release\shooting game.ipdb
c:\users\student\documents\visual studio 2015\projects\shooting game\release\shooting game.iobj
c:\users\student\documents\visual studio 2015\projects\shooting game\release\shooting game.pdb
c:\users\student\documents\visual studio 2015\projects\shooting game\release\shooting game.tlog\cl.command.1.tlog
c:\users\student\documents\visual studio 2015\projects\shooting game\release\shooting game.tlog\cl.read.1.tlog
c:\users\student\documents\visual studio 2015\projects\shooting game\release\shooting game.tlog\cl.write.1.tlog
c:\users\student\documents\visual studio 2015\projects\shooting game\release\shooting game.tlog\link.command.1.tlog
c:\users\student\documents\visual studio 2015\projects\shooting game\release\shooting game.tlog\link.read.1.tlog
c:\users\student\documents\visual studio 2015\projects\shooting game\release\shooting game.tlog\link.write.1.tlog
