  tutorial.cpp
c:\users\student\desktop\matsuda_games\syougi war\shooting game\shooting game\shooting game\main.h(11): fatal error C1083: include ファイルを開けません。'd3dx9.h':No such file or directory
  title.cpp
c:\users\student\desktop\matsuda_games\syougi war\shooting game\shooting game\shooting game\main.h(11): fatal error C1083: include ファイルを開けません。'd3dx9.h':No such file or directory
  sound.cpp
c:\users\student\desktop\matsuda_games\syougi war\shooting game\shooting game\shooting game\main.h(11): fatal error C1083: include ファイルを開けません。'd3dx9.h':No such file or directory
  score.cpp
c:\users\student\desktop\matsuda_games\syougi war\shooting game\shooting game\shooting game\main.h(11): fatal error C1083: include ファイルを開けません。'd3dx9.h':No such file or directory
  scene2D.cpp
c:\users\student\desktop\matsuda_games\syougi war\shooting game\shooting game\shooting game\main.h(11): fatal error C1083: include ファイルを開けません。'd3dx9.h':No such file or directory
  scene.cpp
c:\users\student\desktop\matsuda_games\syougi war\shooting game\shooting game\shooting game\main.h(11): fatal error C1083: include ファイルを開けません。'd3dx9.h':No such file or directory
  result.cpp
c:\users\student\desktop\matsuda_games\syougi war\shooting game\shooting game\shooting game\main.h(11): fatal error C1083: include ファイルを開けません。'd3dx9.h':No such file or directory
  renderer.cpp
c:\users\student\desktop\matsuda_games\syougi war\shooting game\shooting game\shooting game\main.h(11): fatal error C1083: include ファイルを開けません。'd3dx9.h':No such file or directory
  polygon.cpp
c:\users\student\desktop\matsuda_games\syougi war\shooting game\shooting game\shooting game\main.h(11): fatal error C1083: include ファイルを開けません。'd3dx9.h':No such file or directory
  player.cpp
c:\users\student\desktop\matsuda_games\syougi war\shooting game\shooting game\shooting game\main.h(11): fatal error C1083: include ファイルを開けません。'd3dx9.h':No such file or directory
  pause.cpp
c:\users\student\desktop\matsuda_games\syougi war\shooting game\shooting game\shooting game\main.h(11): fatal error C1083: include ファイルを開けません。'd3dx9.h':No such file or directory
  number.cpp
c:\users\student\desktop\matsuda_games\syougi war\shooting game\shooting game\shooting game\main.h(11): fatal error C1083: include ファイルを開けません。'd3dx9.h':No such file or directory
  normal_bullet.cpp
c:\users\student\desktop\matsuda_games\syougi war\shooting game\shooting game\shooting game\main.h(11): fatal error C1083: include ファイルを開けません。'd3dx9.h':No such file or directory
  manager.cpp
c:\users\student\desktop\matsuda_games\syougi war\shooting game\shooting game\shooting game\main.h(11): fatal error C1083: include ファイルを開けません。'd3dx9.h':No such file or directory
  main.cpp
c:\users\student\desktop\matsuda_games\syougi war\shooting game\shooting game\shooting game\main.h(11): fatal error C1083: include ファイルを開けません。'd3dx9.h':No such file or directory
  lifegauge.cpp
c:\users\student\desktop\matsuda_games\syougi war\shooting game\shooting game\shooting game\main.h(11): fatal error C1083: include ファイルを開けません。'd3dx9.h':No such file or directory
  life.cpp
c:\users\student\desktop\matsuda_games\syougi war\shooting game\shooting game\shooting game\main.h(11): fatal error C1083: include ファイルを開けません。'd3dx9.h':No such file or directory
  item.cpp
c:\users\student\desktop\matsuda_games\syougi war\shooting game\shooting game\shooting game\main.h(11): fatal error C1083: include ファイルを開けません。'd3dx9.h':No such file or directory
  input.cpp
c:\users\student\desktop\matsuda_games\syougi war\shooting game\shooting game\shooting game\main.h(11): fatal error C1083: include ファイルを開けません。'd3dx9.h':No such file or directory
  game_screen.cpp
c:\users\student\desktop\matsuda_games\syougi war\shooting game\shooting game\shooting game\main.h(11): fatal error C1083: include ファイルを開けません。'd3dx9.h':No such file or directory
  コードを生成中...
  コンパイル中...
  game.cpp
c:\users\student\desktop\matsuda_games\syougi war\shooting game\shooting game\shooting game\main.h(11): fatal error C1083: include ファイルを開けません。'd3dx9.h':No such file or directory
  fade.cpp
c:\users\student\desktop\matsuda_games\syougi war\shooting game\shooting game\shooting game\main.h(11): fatal error C1083: include ファイルを開けません。'd3dx9.h':No such file or directory
  explosion.cpp
c:\users\student\desktop\matsuda_games\syougi war\shooting game\shooting game\shooting game\main.h(11): fatal error C1083: include ファイルを開けません。'd3dx9.h':No such file or directory
  enemy.cpp
c:\users\student\desktop\matsuda_games\syougi war\shooting game\shooting game\shooting game\main.h(11): fatal error C1083: include ファイルを開けません。'd3dx9.h':No such file or directory
  dinput_keyboard.cpp
c:\users\student\desktop\matsuda_games\syougi war\shooting game\shooting game\shooting game\main.h(11): fatal error C1083: include ファイルを開けません。'd3dx9.h':No such file or directory
  bullet.cpp
c:\users\student\desktop\matsuda_games\syougi war\shooting game\shooting game\shooting game\main.h(11): fatal error C1083: include ファイルを開けません。'd3dx9.h':No such file or directory
  bg.cpp
c:\users\student\desktop\matsuda_games\syougi war\shooting game\shooting game\shooting game\main.h(11): fatal error C1083: include ファイルを開けません。'd3dx9.h':No such file or directory
  コードを生成中...
