  tutorial.cpp
  title.cpp
  sound.cpp
  score.cpp
  scene2D.cpp
  scene.cpp
  result.cpp
  renderer.cpp
  power.cpp
  polygon.cpp
  player.cpp
  pause.cpp
  number.cpp
  normal_bullet.cpp
  manager.cpp
  main.cpp
  lifegauge.cpp
  lifeboss.cpp
  life.cpp
  item.cpp
  コードを生成中...
  コンパイル中...
  input.cpp
  game_screen.cpp
  game.cpp
  fade.cpp
  explosion.cpp
  enemy.cpp
  dinput_keyboard.cpp
  bullet.cpp
  bomb.cpp
  bg.cpp
  コードを生成中...
  shooting game.vcxproj -> C:\Users\student\Documents\Visual Studio 2015\Projects\Syougi War\shooting game\x64\Debug\shooting game.exe
  shooting game.vcxproj -> C:\Users\student\Documents\Visual Studio 2015\Projects\Syougi War\shooting game\x64\Debug\shooting game.pdb (Full PDB)
