c:\users\student\documents\visual studio 2015\projects\syougi war\shooting game\shooting game\debug\vc140.pdb
c:\users\student\documents\visual studio 2015\projects\syougi war\shooting game\shooting game\debug\vc140.idb
c:\users\student\documents\visual studio 2015\projects\syougi war\shooting game\shooting game\debug\light.obj
c:\users\student\documents\visual studio 2015\projects\syougi war\shooting game\shooting game\debug\logo.obj
c:\users\student\documents\visual studio 2015\projects\syougi war\shooting game\shooting game\debug\main.obj
c:\users\student\documents\visual studio 2015\projects\syougi war\shooting game\shooting game\debug\manager.obj
c:\users\student\documents\visual studio 2015\projects\syougi war\shooting game\shooting game\debug\normal_bullet.obj
c:\users\student\documents\visual studio 2015\projects\syougi war\shooting game\shooting game\debug\number.obj
c:\users\student\documents\visual studio 2015\projects\syougi war\shooting game\shooting game\debug\pause.obj
c:\users\student\documents\visual studio 2015\projects\syougi war\shooting game\shooting game\debug\player.obj
c:\users\student\documents\visual studio 2015\projects\syougi war\shooting game\shooting game\debug\polygon.obj
c:\users\student\documents\visual studio 2015\projects\syougi war\shooting game\shooting game\debug\power.obj
c:\users\student\documents\visual studio 2015\projects\syougi war\shooting game\shooting game\debug\renderer.obj
c:\users\student\documents\visual studio 2015\projects\syougi war\shooting game\shooting game\debug\result.obj
c:\users\student\documents\visual studio 2015\projects\syougi war\shooting game\shooting game\debug\scene.obj
c:\users\student\documents\visual studio 2015\projects\syougi war\shooting game\shooting game\debug\scene2d.obj
c:\users\student\documents\visual studio 2015\projects\syougi war\shooting game\shooting game\debug\scene3d.obj
c:\users\student\documents\visual studio 2015\projects\syougi war\shooting game\shooting game\debug\scenex.obj
c:\users\student\documents\visual studio 2015\projects\syougi war\shooting game\shooting game\debug\score.obj
c:\users\student\documents\visual studio 2015\projects\syougi war\shooting game\shooting game\debug\sound.obj
c:\users\student\documents\visual studio 2015\projects\syougi war\shooting game\shooting game\debug\title.obj
c:\users\student\documents\visual studio 2015\projects\syougi war\shooting game\shooting game\debug\tutorial.obj
c:\users\student\documents\visual studio 2015\projects\syougi war\shooting game\shooting game\debug\bg.obj
c:\users\student\documents\visual studio 2015\projects\syougi war\shooting game\shooting game\debug\bomb.obj
c:\users\student\documents\visual studio 2015\projects\syougi war\shooting game\shooting game\debug\bullet.obj
c:\users\student\documents\visual studio 2015\projects\syougi war\shooting game\shooting game\debug\camera.obj
c:\users\student\documents\visual studio 2015\projects\syougi war\shooting game\shooting game\debug\dinput_keyboard.obj
c:\users\student\documents\visual studio 2015\projects\syougi war\shooting game\shooting game\debug\enemy.obj
c:\users\student\documents\visual studio 2015\projects\syougi war\shooting game\shooting game\debug\explosion.obj
c:\users\student\documents\visual studio 2015\projects\syougi war\shooting game\shooting game\debug\fade.obj
c:\users\student\documents\visual studio 2015\projects\syougi war\shooting game\shooting game\debug\game.obj
c:\users\student\documents\visual studio 2015\projects\syougi war\shooting game\shooting game\debug\gamebg3d.obj
c:\users\student\documents\visual studio 2015\projects\syougi war\shooting game\shooting game\debug\game_screen.obj
c:\users\student\documents\visual studio 2015\projects\syougi war\shooting game\shooting game\debug\input.obj
c:\users\student\documents\visual studio 2015\projects\syougi war\shooting game\shooting game\debug\item.obj
c:\users\student\documents\visual studio 2015\projects\syougi war\shooting game\shooting game\debug\life.obj
c:\users\student\documents\visual studio 2015\projects\syougi war\shooting game\shooting game\debug\lifeboss.obj
c:\users\student\documents\visual studio 2015\projects\syougi war\shooting game\shooting game\debug\lifegauge.obj
c:\users\student\desktop\syougi war\shooting game\shooting game\debug\vc140.pdb
c:\users\student\desktop\syougi war\shooting game\shooting game\debug\vc140.idb
c:\users\student\desktop\syougi war\shooting game\shooting game\debug\light.obj
c:\users\student\desktop\syougi war\shooting game\shooting game\debug\logo.obj
c:\users\student\desktop\syougi war\shooting game\shooting game\debug\main.obj
c:\users\student\desktop\syougi war\shooting game\shooting game\debug\manager.obj
c:\users\student\desktop\syougi war\shooting game\shooting game\debug\normal_bullet.obj
c:\users\student\desktop\syougi war\shooting game\shooting game\debug\number.obj
c:\users\student\desktop\syougi war\shooting game\shooting game\debug\pause.obj
c:\users\student\desktop\syougi war\shooting game\shooting game\debug\player.obj
c:\users\student\desktop\syougi war\shooting game\shooting game\debug\polygon.obj
c:\users\student\desktop\syougi war\shooting game\shooting game\debug\power.obj
c:\users\student\desktop\syougi war\shooting game\shooting game\debug\renderer.obj
c:\users\student\desktop\syougi war\shooting game\shooting game\debug\result.obj
c:\users\student\desktop\syougi war\shooting game\shooting game\debug\scene.obj
c:\users\student\desktop\syougi war\shooting game\shooting game\debug\scene2d.obj
c:\users\student\desktop\syougi war\shooting game\shooting game\debug\scene3d.obj
c:\users\student\desktop\syougi war\shooting game\shooting game\debug\scenex.obj
c:\users\student\desktop\syougi war\shooting game\shooting game\debug\score.obj
c:\users\student\desktop\syougi war\shooting game\shooting game\debug\sound.obj
c:\users\student\desktop\syougi war\shooting game\shooting game\debug\title.obj
c:\users\student\desktop\syougi war\shooting game\shooting game\debug\tutorial.obj
c:\users\student\desktop\syougi war\shooting game\shooting game\debug\bg.obj
c:\users\student\desktop\syougi war\shooting game\shooting game\debug\bomb.obj
c:\users\student\desktop\syougi war\shooting game\shooting game\debug\camera.obj
c:\users\student\desktop\syougi war\shooting game\shooting game\debug\dinput_keyboard.obj
c:\users\student\desktop\syougi war\shooting game\shooting game\debug\explosion.obj
c:\users\student\desktop\syougi war\shooting game\shooting game\debug\fade.obj
c:\users\student\desktop\syougi war\shooting game\shooting game\debug\game.obj
c:\users\student\desktop\syougi war\shooting game\shooting game\debug\gamebg3d.obj
c:\users\student\desktop\syougi war\shooting game\shooting game\debug\game_screen.obj
c:\users\student\desktop\syougi war\shooting game\shooting game\debug\input.obj
c:\users\student\desktop\syougi war\shooting game\shooting game\debug\item.obj
c:\users\student\desktop\syougi war\shooting game\shooting game\debug\life.obj
c:\users\student\desktop\syougi war\shooting game\shooting game\debug\lifeboss.obj
c:\users\student\desktop\syougi war\shooting game\shooting game\debug\bullet.obj
c:\users\student\desktop\syougi war\shooting game\shooting game\debug\enemy.obj
c:\users\student\desktop\syougi war\shooting game\shooting game\debug\lifegauge.obj
c:\users\student\documents\visual studio 2015\projects\syougi war\shooting game\debug\shooting game.ilk
c:\users\student\documents\visual studio 2015\projects\syougi war\shooting game\debug\shooting game.exe
c:\users\student\documents\visual studio 2015\projects\syougi war\shooting game\debug\shooting game.pdb
c:\users\student\desktop\syougi war\shooting game\debug\shooting game.ilk
c:\users\student\desktop\syougi war\shooting game\debug\shooting game.exe
c:\users\student\desktop\syougi war\shooting game\debug\shooting game.pdb
c:\users\student\desktop\syougi war\shooting game\shooting game\debug\shooting game.tlog\cl.command.1.tlog
c:\users\student\desktop\syougi war\shooting game\shooting game\debug\shooting game.tlog\cl.read.1.tlog
c:\users\student\desktop\syougi war\shooting game\shooting game\debug\shooting game.tlog\cl.write.1.tlog
c:\users\student\desktop\syougi war\shooting game\shooting game\debug\shooting game.tlog\link.command.1.tlog
c:\users\student\desktop\syougi war\shooting game\shooting game\debug\shooting game.tlog\link.read.1.tlog
c:\users\student\desktop\syougi war\shooting game\shooting game\debug\shooting game.tlog\link.write.1.tlog
