  bg.cpp
  bomb.cpp
  bullet.cpp
  dinput_keyboard.cpp
  enemy.cpp
  explosion.cpp
  fade.cpp
  game.cpp
  game_screen.cpp
  input.cpp
  item.cpp
  life.cpp
  lifeboss.cpp
  lifegauge.cpp
  main.cpp
  manager.cpp
  normal_bullet.cpp
  number.cpp
  pause.cpp
  player.cpp
  コンパイル中...
  polygon.cpp
  power.cpp
  renderer.cpp
  result.cpp
  scene.cpp
  scene2D.cpp
  score.cpp
  sound.cpp
  title.cpp
  tutorial.cpp
  コード生成しています。
  All 356 functions were compiled because no usable IPDB/IOBJ from previous compilation was found.
  コード生成が終了しました。
  shooting game.vcxproj -> C:\Users\student\Documents\Visual Studio 2015\Projects\Syougi War\Release\shooting game.exe
  shooting game.vcxproj -> C:\Users\student\Documents\Visual Studio 2015\Projects\Syougi War\Release\shooting game.pdb (Full PDB)
